0 info it worked if it ends with ok
1 verbose cli [ 'node', '/usr/local/bin/npm', 'install', 'http-server', '-g' ]
2 info using npm@1.4.14
3 info using node@v0.10.29
4 verbose cache add [ 'http-server', null ]
5 verbose cache add name=undefined spec="http-server" args=["http-server",null]
6 verbose parsed url { protocol: null,
6 verbose parsed url   slashes: null,
6 verbose parsed url   auth: null,
6 verbose parsed url   host: null,
6 verbose parsed url   port: null,
6 verbose parsed url   hostname: null,
6 verbose parsed url   hash: null,
6 verbose parsed url   search: null,
6 verbose parsed url   query: null,
6 verbose parsed url   pathname: 'http-server',
6 verbose parsed url   path: 'http-server',
6 verbose parsed url   href: 'http-server' }
7 silly lockFile ed608307-http-server http-server
8 verbose lock http-server /Users/winnielin/.npm/ed608307-http-server.lock
9 silly lockFile ed608307-http-server http-server
10 silly lockFile ed608307-http-server http-server
11 verbose addNamed [ 'http-server', '' ]
12 verbose addNamed [ null, '*' ]
13 silly lockFile 550353c6-http-server http-server@
14 verbose lock http-server@ /Users/winnielin/.npm/550353c6-http-server.lock
15 silly addNameRange { name: 'http-server', range: '*', hasData: false }
16 verbose url raw http-server
17 verbose url resolving [ 'https://registry.npmjs.org/', './http-server' ]
18 verbose url resolved https://registry.npmjs.org/http-server
19 info trying registry request attempt 1 at 11:43:20
20 http GET https://registry.npmjs.org/http-server
21 http 200 https://registry.npmjs.org/http-server
22 silly registry.get cb [ 200,
22 silly registry.get   { date: 'Thu, 30 Oct 2014 18:43:21 GMT',
22 silly registry.get     server: 'CouchDB/1.5.0 (Erlang OTP/R16B03)',
22 silly registry.get     etag: '"53GHQM43VNWCEZ2XXL10NPAOV"',
22 silly registry.get     'content-type': 'application/json',
22 silly registry.get     'cache-control': 'max-age=60',
22 silly registry.get     'content-length': '36070',
22 silly registry.get     'accept-ranges': 'bytes',
22 silly registry.get     via: '1.1 varnish',
22 silly registry.get     age: '19',
22 silly registry.get     'x-served-by': 'cache-lax1420-LAX',
22 silly registry.get     'x-cache': 'HIT',
22 silly registry.get     'x-cache-hits': '1',
22 silly registry.get     'x-timer': 'S1414694601.212242,VS0,VE0',
22 silly registry.get     vary: 'Accept',
22 silly registry.get     'keep-alive': 'timeout=10, max=50',
22 silly registry.get     connection: 'Keep-Alive' } ]
23 silly addNameRange number 2 { name: 'http-server', range: '*', hasData: true }
24 silly addNameRange versions [ 'http-server',
24 silly addNameRange   [ '0.1.0',
24 silly addNameRange     '0.1.1',
24 silly addNameRange     '0.1.3',
24 silly addNameRange     '0.2.1',
24 silly addNameRange     '0.2.2',
24 silly addNameRange     '0.2.3',
24 silly addNameRange     '0.2.4',
24 silly addNameRange     '0.2.5',
24 silly addNameRange     '0.2.6',
24 silly addNameRange     '0.2.9',
24 silly addNameRange     '0.3.0',
24 silly addNameRange     '0.4.0',
24 silly addNameRange     '0.4.1',
24 silly addNameRange     '0.5.0',
24 silly addNameRange     '0.5.1',
24 silly addNameRange     '0.5.2',
24 silly addNameRange     '0.5.3',
24 silly addNameRange     '0.5.5',
24 silly addNameRange     '0.6.0',
24 silly addNameRange     '0.6.1',
24 silly addNameRange     '0.7.0',
24 silly addNameRange     '0.7.1',
24 silly addNameRange     '0.7.2' ] ]
25 verbose addNamed [ 'http-server', '0.7.2' ]
26 verbose addNamed [ '0.7.2', '0.7.2' ]
27 silly lockFile b6ed51df-http-server-0-7-2 http-server@0.7.2
28 verbose lock http-server@0.7.2 /Users/winnielin/.npm/b6ed51df-http-server-0-7-2.lock
29 silly lockFile 4dd7a8be-ttp-server-http-server-0-7-2-tgz https://registry.npmjs.org/http-server/-/http-server-0.7.2.tgz
30 verbose lock https://registry.npmjs.org/http-server/-/http-server-0.7.2.tgz /Users/winnielin/.npm/4dd7a8be-ttp-server-http-server-0-7-2-tgz.lock
31 verbose addRemoteTarball [ 'https://registry.npmjs.org/http-server/-/http-server-0.7.2.tgz',
31 verbose addRemoteTarball   'ff02e9338bfd9d3687668f090e088a7606eeb12e' ]
32 info retry fetch attempt 1 at 11:43:21
33 verbose fetch to= /var/folders/y8/js22mns51dx8vqzcvppgmd0w0000gn/T/npm-3850-TvL809ho/registry.npmjs.org/http-server/-/http-server-0.7.2.tgz
34 http GET https://registry.npmjs.org/http-server/-/http-server-0.7.2.tgz
35 http 200 https://registry.npmjs.org/http-server/-/http-server-0.7.2.tgz
36 silly lockFile 4dd7a8be-ttp-server-http-server-0-7-2-tgz https://registry.npmjs.org/http-server/-/http-server-0.7.2.tgz
37 silly lockFile 4dd7a8be-ttp-server-http-server-0-7-2-tgz https://registry.npmjs.org/http-server/-/http-server-0.7.2.tgz
38 silly lockFile b6ed51df-http-server-0-7-2 http-server@0.7.2
39 silly lockFile b6ed51df-http-server-0-7-2 http-server@0.7.2
40 silly lockFile 550353c6-http-server http-server@
41 silly lockFile 550353c6-http-server http-server@
42 silly resolved [ { name: 'http-server',
42 silly resolved     version: '0.7.2',
42 silly resolved     author: { name: 'Nodejitsu', email: 'support@nodejitsu.com' },
42 silly resolved     description: 'a simple zero-configuration command-line http server',
42 silly resolved     main: './lib/http-server',
42 silly resolved     repository:
42 silly resolved      { type: 'git',
42 silly resolved        url: 'git://github.com/nodeapps/http-server.git' },
42 silly resolved     keywords: [ 'cli', 'command' ],
42 silly resolved     scripts:
42 silly resolved      { start: 'node ./bin/http-server',
42 silly resolved        test: 'vows --spec --isolate' },
42 silly resolved     contributors:
42 silly resolved      [ [Object],
42 silly resolved        [Object],
42 silly resolved        [Object],
42 silly resolved        [Object],
42 silly resolved        [Object],
42 silly resolved        [Object],
42 silly resolved        [Object],
42 silly resolved        [Object] ],
42 silly resolved     dependencies:
42 silly resolved      { colors: '0.6.x',
42 silly resolved        optimist: '0.5.x',
42 silly resolved        union: '0.3.x',
42 silly resolved        ecstatic: '0.5.x',
42 silly resolved        portfinder: '0.2.x',
42 silly resolved        opener: '~1.3.0' },
42 silly resolved     devDependencies: { vows: '0.7.x', request: '2.21.x' },
42 silly resolved     bugs: { url: 'https://github.com/nodeapps/http-server/issues' },
42 silly resolved     licenses: [ [Object] ],
42 silly resolved     analyze: false,
42 silly resolved     preferGlobal: 'true',
42 silly resolved     bin: { 'http-server': './bin/http-server' },
42 silly resolved     gitHead: '114380ce7802643784ef3c230745ee7917c9ded2',
42 silly resolved     homepage: 'https://github.com/nodeapps/http-server',
42 silly resolved     _id: 'http-server@0.7.2',
42 silly resolved     _shasum: 'ff02e9338bfd9d3687668f090e088a7606eeb12e',
42 silly resolved     _from: 'http-server@',
42 silly resolved     _npmVersion: '2.0.2',
42 silly resolved     _nodeVersion: '0.10.32',
42 silly resolved     _npmUser: { name: 'indexzero', email: 'charlie.robbins@gmail.com' },
42 silly resolved     maintainers: [ [Object], [Object], [Object] ],
42 silly resolved     dist:
42 silly resolved      { shasum: 'ff02e9338bfd9d3687668f090e088a7606eeb12e',
42 silly resolved        tarball: 'http://registry.npmjs.org/http-server/-/http-server-0.7.2.tgz' },
42 silly resolved     directories: {},
42 silly resolved     _resolved: 'https://registry.npmjs.org/http-server/-/http-server-0.7.2.tgz' } ]
43 info install http-server@0.7.2 into /usr/local/lib
44 info installOne http-server@0.7.2
45 info /usr/local/lib/node_modules/http-server unbuild
46 verbose tar unpack /Users/winnielin/.npm/http-server/0.7.2/package.tgz
47 silly lockFile c2cc12bc-cal-lib-node-modules-http-server tar:///usr/local/lib/node_modules/http-server
48 verbose lock tar:///usr/local/lib/node_modules/http-server /Users/winnielin/.npm/c2cc12bc-cal-lib-node-modules-http-server.lock
49 silly lockFile 020fb92b-pm-http-server-0-7-2-package-tgz tar:///Users/winnielin/.npm/http-server/0.7.2/package.tgz
50 verbose lock tar:///Users/winnielin/.npm/http-server/0.7.2/package.tgz /Users/winnielin/.npm/020fb92b-pm-http-server-0-7-2-package-tgz.lock
51 silly gunzTarPerm modes [ '755', '644' ]
52 error Error: EACCES, mkdir '/usr/local/lib/node_modules/http-server'
52 error  { [Error: EACCES, mkdir '/usr/local/lib/node_modules/http-server']
52 error   errno: 3,
52 error   code: 'EACCES',
52 error   path: '/usr/local/lib/node_modules/http-server',
52 error   fstream_type: 'Directory',
52 error   fstream_path: '/usr/local/lib/node_modules/http-server',
52 error   fstream_class: 'DirWriter',
52 error   fstream_stack:
52 error    [ '/usr/local/lib/node_modules/npm/node_modules/fstream/lib/dir-writer.js:36:23',
52 error      '/usr/local/lib/node_modules/npm/node_modules/mkdirp/index.js:37:53',
52 error      'Object.oncomplete (fs.js:107:15)' ] }
53 error Please try running this command again as root/Administrator.
54 error System Darwin 13.4.0
55 error command "node" "/usr/local/bin/npm" "install" "http-server" "-g"
56 error cwd /Users/winnielin/Desktop/filters-starter/js
57 error node -v v0.10.29
58 error npm -v 1.4.14
59 error path /usr/local/lib/node_modules/http-server
60 error fstream_path /usr/local/lib/node_modules/http-server
61 error fstream_type Directory
62 error fstream_class DirWriter
63 error code EACCES
64 error errno 3
65 error stack Error: EACCES, mkdir '/usr/local/lib/node_modules/http-server'
66 error fstream_stack /usr/local/lib/node_modules/npm/node_modules/fstream/lib/dir-writer.js:36:23
66 error fstream_stack /usr/local/lib/node_modules/npm/node_modules/mkdirp/index.js:37:53
66 error fstream_stack Object.oncomplete (fs.js:107:15)
67 verbose exit [ 3, true ]
